<?xml version="1.0" encoding="UTF-8"?>
<!-- Generated by org.testng.reporters.JUnitXMLReporter -->
<testsuite ignored="0" hostname="MAHADEV" failures="0" tests="3" name="Test" time="57.005" errors="0" timestamp="10 Aug 2024 14:14:34 GMT">
  <testcase classname="Testcases.HomepageTest" name="TC03_SomeName" time="0.017"/>
  <testcase classname="Testcases.LoginTest" name="TC01_loginfailureTest" time="19.855"/>
  <testcase classname="Testcases.LoginTest" name="TC02_LoginSuccessTest" time="0.003"/>
</testsuite> <!-- Test -->
